<?xml version="1.0" encoding="UTF-8"?>
<!-- Generated by org.testng.reporters.JUnitReportReporter -->
<testsuite hostname="LAPTOP-6DHJKUJ7" failures="0" tests="3" name="testng_Priority.Priority1" time="10.693" errors="0" timestamp="2022-07-03T17:00:41 EDT" skipped="0">
  <testcase classname="testng_Priority.Priority1" name="login" time="4.023"/>
  <system-out/>
  <testcase classname="testng_Priority.Priority1" name="logoTest" time="3.285"/>
  <system-out/>
  <testcase classname="testng_Priority.Priority1" name="titleTest" time="3.385"/>
  <system-out/>
</testsuite> <!-- testng_Priority.Priority1 -->
