<?xml version="1.0" encoding="UTF-8"?>
<!-- Generated by org.testng.reporters.JUnitReportReporter -->
<testsuite hostname="LAPTOP-6DHJKUJ7" failures="0" tests="3" name="testng_Priority.Priority2" time="12.609" errors="0" timestamp="2022-07-03T17:00:41 EDT" skipped="0">
  <testcase classname="testng_Priority.Priority2" name="login" time="3.867"/>
  <system-out/>
  <testcase classname="testng_Priority.Priority2" name="titleTest" time="5.460"/>
  <system-out/>
  <testcase classname="testng_Priority.Priority2" name="logoTest" time="3.282"/>
  <system-out/>
</testsuite> <!-- testng_Priority.Priority2 -->
